Start testing: Feb 22 23:32 AEST
----------------------------------------------------------
1/1 Testing: gbemu_tests
1/1 Test: gbemu_tests
Command: "/home/jessie/Documents/GB-GBC-GBA-Emulator/build/tests/gbemu_tests"
Directory: /home/jessie/Documents/GB-GBC-GBA-Emulator/build/tests
"gbemu_tests" start time: Feb 22 23:32 AEST
Output:
----------------------------------------------------------
Test-Games folder not found. Skipping ROM scan.
All tests passed.
<end of output>
Test time =   0.01 sec
----------------------------------------------------------
Test Passed.
"gbemu_tests" end time: Feb 22 23:32 AEST
"gbemu_tests" time elapsed: 00:00:00
----------------------------------------------------------

End testing: Feb 22 23:32 AEST
